<?xml version="1.0" encoding="UTF-8"?>
<testsuite xmlns:xsi="http://www.w3.org/2001/XMLSchema-instance" xsi:noNamespaceSchemaLocation="https://maven.apache.org/surefire/maven-surefire-plugin/xsd/surefire-test-report-3.0.xsd" version="3.0" name="com.demo.lambda.Lambda_Learning.AppTest" time="0.567" tests="1" errors="0" skipped="0" failures="0">
  <properties>
    <property name="java.specification.version" value="21"/>
    <property name="sun.cpu.isalist" value="amd64"/>
    <property name="sun.jnu.encoding" value="Cp1252"/>
    <property name="java.class.path" value="D:\SPRING_BOOT_LEARN\Lambda_learning\Lambda_Learning\target\test-classes;D:\SPRING_BOOT_LEARN\Lambda_learning\Lambda_Learning\target\classes;C:\Users\amarn\.m2\repository\junit\junit\3.8.1\junit-3.8.1.jar;C:\Users\amarn\.m2\repository\com\amazonaws\aws-lambda-java-core\1.2.2\aws-lambda-java-core-1.2.2.jar;C:\Users\amarn\.m2\repository\com\amazonaws\aws-lambda-java-events\3.11.0\aws-lambda-java-events-3.11.0.jar;C:\Users\amarn\.m2\repository\joda-time\joda-time\2.6\joda-time-2.6.jar;C:\Users\amarn\.m2\repository\software\amazon\awssdk\sns\2.31.32\sns-2.31.32.jar;C:\Users\amarn\.m2\repository\software\amazon\awssdk\aws-query-protocol\2.31.32\aws-query-protocol-2.31.32.jar;C:\Users\amarn\.m2\repository\software\amazon\awssdk\protocol-core\2.31.32\protocol-core-2.31.32.jar;C:\Users\amarn\.m2\repository\software\amazon\awssdk\http-auth-aws\2.31.32\http-auth-aws-2.31.32.jar;C:\Users\amarn\.m2\repository\software\amazon\awssdk\sdk-core\2.31.32\sdk-core-2.31.32.jar;C:\Users\amarn\.m2\repository\software\amazon\awssdk\retries\2.31.32\retries-2.31.32.jar;C:\Users\amarn\.m2\repository\org\slf4j\slf4j-api\1.7.36\slf4j-api-1.7.36.jar;C:\Users\amarn\.m2\repository\org\reactivestreams\reactive-streams\1.0.4\reactive-streams-1.0.4.jar;C:\Users\amarn\.m2\repository\software\amazon\awssdk\auth\2.31.32\auth-2.31.32.jar;C:\Users\amarn\.m2\repository\software\amazon\awssdk\http-auth-aws-eventstream\2.31.32\http-auth-aws-eventstream-2.31.32.jar;C:\Users\amarn\.m2\repository\software\amazon\eventstream\eventstream\1.0.1\eventstream-1.0.1.jar;C:\Users\amarn\.m2\repository\software\amazon\awssdk\http-auth-spi\2.31.32\http-auth-spi-2.31.32.jar;C:\Users\amarn\.m2\repository\software\amazon\awssdk\http-auth\2.31.32\http-auth-2.31.32.jar;C:\Users\amarn\.m2\repository\software\amazon\awssdk\identity-spi\2.31.32\identity-spi-2.31.32.jar;C:\Users\amarn\.m2\repository\software\amazon\awssdk\http-client-spi\2.31.32\http-client-spi-2.31.32.jar;C:\Users\amarn\.m2\repository\software\amazon\awssdk\regions\2.31.32\regions-2.31.32.jar;C:\Users\amarn\.m2\repository\software\amazon\awssdk\annotations\2.31.32\annotations-2.31.32.jar;C:\Users\amarn\.m2\repository\software\amazon\awssdk\utils\2.31.32\utils-2.31.32.jar;C:\Users\amarn\.m2\repository\software\amazon\awssdk\aws-core\2.31.32\aws-core-2.31.32.jar;C:\Users\amarn\.m2\repository\software\amazon\awssdk\metrics-spi\2.31.32\metrics-spi-2.31.32.jar;C:\Users\amarn\.m2\repository\software\amazon\awssdk\json-utils\2.31.32\json-utils-2.31.32.jar;C:\Users\amarn\.m2\repository\software\amazon\awssdk\third-party-jackson-core\2.31.32\third-party-jackson-core-2.31.32.jar;C:\Users\amarn\.m2\repository\software\amazon\awssdk\endpoints-spi\2.31.32\endpoints-spi-2.31.32.jar;C:\Users\amarn\.m2\repository\software\amazon\awssdk\retries-spi\2.31.32\retries-spi-2.31.32.jar;C:\Users\amarn\.m2\repository\software\amazon\awssdk\apache-client\2.31.32\apache-client-2.31.32.jar;C:\Users\amarn\.m2\repository\org\apache\httpcomponents\httpclient\4.5.13\httpclient-4.5.13.jar;C:\Users\amarn\.m2\repository\commons-logging\commons-logging\1.2\commons-logging-1.2.jar;C:\Users\amarn\.m2\repository\org\apache\httpcomponents\httpcore\4.4.16\httpcore-4.4.16.jar;C:\Users\amarn\.m2\repository\commons-codec\commons-codec\1.17.1\commons-codec-1.17.1.jar;C:\Users\amarn\.m2\repository\software\amazon\awssdk\netty-nio-client\2.31.32\netty-nio-client-2.31.32.jar;C:\Users\amarn\.m2\repository\io\netty\netty-codec-http\4.1.118.Final\netty-codec-http-4.1.118.Final.jar;C:\Users\amarn\.m2\repository\io\netty\netty-codec-http2\4.1.118.Final\netty-codec-http2-4.1.118.Final.jar;C:\Users\amarn\.m2\repository\io\netty\netty-codec\4.1.118.Final\netty-codec-4.1.118.Final.jar;C:\Users\amarn\.m2\repository\io\netty\netty-transport\4.1.118.Final\netty-transport-4.1.118.Final.jar;C:\Users\amarn\.m2\repository\io\netty\netty-common\4.1.118.Final\netty-common-4.1.118.Final.jar;C:\Users\amarn\.m2\repository\io\netty\netty-buffer\4.1.118.Final\netty-buffer-4.1.118.Final.jar;C:\Users\amarn\.m2\repository\io\netty\netty-handler\4.1.118.Final\netty-handler-4.1.118.Final.jar;C:\Users\amarn\.m2\repository\io\netty\netty-transport-native-unix-common\4.1.118.Final\netty-transport-native-unix-common-4.1.118.Final.jar;C:\Users\amarn\.m2\repository\io\netty\netty-transport-classes-epoll\4.1.118.Final\netty-transport-classes-epoll-4.1.118.Final.jar;C:\Users\amarn\.m2\repository\io\netty\netty-resolver\4.1.118.Final\netty-resolver-4.1.118.Final.jar;C:\Users\amarn\.m2\repository\software\amazon\awssdk\s3\2.31.21\s3-2.31.21.jar;C:\Users\amarn\.m2\repository\software\amazon\awssdk\aws-xml-protocol\2.31.21\aws-xml-protocol-2.31.21.jar;C:\Users\amarn\.m2\repository\software\amazon\awssdk\arns\2.31.21\arns-2.31.21.jar;C:\Users\amarn\.m2\repository\software\amazon\awssdk\profiles\2.31.21\profiles-2.31.21.jar;C:\Users\amarn\.m2\repository\software\amazon\awssdk\crt-core\2.31.21\crt-core-2.31.21.jar;C:\Users\amarn\.m2\repository\software\amazon\awssdk\checksums\2.31.21\checksums-2.31.21.jar;C:\Users\amarn\.m2\repository\software\amazon\awssdk\checksums-spi\2.31.21\checksums-spi-2.31.21.jar;"/>
    <property name="java.vm.vendor" value="Oracle Corporation"/>
    <property name="sun.arch.data.model" value="64"/>
    <property name="user.variant" value=""/>
    <property name="java.vendor.url" value="https://java.oracle.com/"/>
    <property name="user.timezone" value="America/Chicago"/>
    <property name="os.name" value="Windows 11"/>
    <property name="java.vm.specification.version" value="21"/>
    <property name="sun.java.launcher" value="SUN_STANDARD"/>
    <property name="user.country" value="US"/>
    <property name="sun.boot.library.path" value="C:\Program Files\Java\jdk-21\bin"/>
    <property name="sun.java.command" value="C:\Users\amarn\AppData\Local\Temp\surefire4407016211122050525\surefirebooter-20250507120322614_3.jar C:\Users\amarn\AppData\Local\Temp\surefire4407016211122050525 2025-05-07T12-03-21_549-jvmRun1 surefire-20250507120322614_1tmp surefire_0-20250507120322614_2tmp"/>
    <property name="jdk.debug" value="release"/>
    <property name="surefire.test.class.path" value="D:\SPRING_BOOT_LEARN\Lambda_learning\Lambda_Learning\target\test-classes;D:\SPRING_BOOT_LEARN\Lambda_learning\Lambda_Learning\target\classes;C:\Users\amarn\.m2\repository\junit\junit\3.8.1\junit-3.8.1.jar;C:\Users\amarn\.m2\repository\com\amazonaws\aws-lambda-java-core\1.2.2\aws-lambda-java-core-1.2.2.jar;C:\Users\amarn\.m2\repository\com\amazonaws\aws-lambda-java-events\3.11.0\aws-lambda-java-events-3.11.0.jar;C:\Users\amarn\.m2\repository\joda-time\joda-time\2.6\joda-time-2.6.jar;C:\Users\amarn\.m2\repository\software\amazon\awssdk\sns\2.31.32\sns-2.31.32.jar;C:\Users\amarn\.m2\repository\software\amazon\awssdk\aws-query-protocol\2.31.32\aws-query-protocol-2.31.32.jar;C:\Users\amarn\.m2\repository\software\amazon\awssdk\protocol-core\2.31.32\protocol-core-2.31.32.jar;C:\Users\amarn\.m2\repository\software\amazon\awssdk\http-auth-aws\2.31.32\http-auth-aws-2.31.32.jar;C:\Users\amarn\.m2\repository\software\amazon\awssdk\sdk-core\2.31.32\sdk-core-2.31.32.jar;C:\Users\amarn\.m2\repository\software\amazon\awssdk\retries\2.31.32\retries-2.31.32.jar;C:\Users\amarn\.m2\repository\org\slf4j\slf4j-api\1.7.36\slf4j-api-1.7.36.jar;C:\Users\amarn\.m2\repository\org\reactivestreams\reactive-streams\1.0.4\reactive-streams-1.0.4.jar;C:\Users\amarn\.m2\repository\software\amazon\awssdk\auth\2.31.32\auth-2.31.32.jar;C:\Users\amarn\.m2\repository\software\amazon\awssdk\http-auth-aws-eventstream\2.31.32\http-auth-aws-eventstream-2.31.32.jar;C:\Users\amarn\.m2\repository\software\amazon\eventstream\eventstream\1.0.1\eventstream-1.0.1.jar;C:\Users\amarn\.m2\repository\software\amazon\awssdk\http-auth-spi\2.31.32\http-auth-spi-2.31.32.jar;C:\Users\amarn\.m2\repository\software\amazon\awssdk\http-auth\2.31.32\http-auth-2.31.32.jar;C:\Users\amarn\.m2\repository\software\amazon\awssdk\identity-spi\2.31.32\identity-spi-2.31.32.jar;C:\Users\amarn\.m2\repository\software\amazon\awssdk\http-client-spi\2.31.32\http-client-spi-2.31.32.jar;C:\Users\amarn\.m2\repository\software\amazon\awssdk\regions\2.31.32\regions-2.31.32.jar;C:\Users\amarn\.m2\repository\software\amazon\awssdk\annotations\2.31.32\annotations-2.31.32.jar;C:\Users\amarn\.m2\repository\software\amazon\awssdk\utils\2.31.32\utils-2.31.32.jar;C:\Users\amarn\.m2\repository\software\amazon\awssdk\aws-core\2.31.32\aws-core-2.31.32.jar;C:\Users\amarn\.m2\repository\software\amazon\awssdk\metrics-spi\2.31.32\metrics-spi-2.31.32.jar;C:\Users\amarn\.m2\repository\software\amazon\awssdk\json-utils\2.31.32\json-utils-2.31.32.jar;C:\Users\amarn\.m2\repository\software\amazon\awssdk\third-party-jackson-core\2.31.32\third-party-jackson-core-2.31.32.jar;C:\Users\amarn\.m2\repository\software\amazon\awssdk\endpoints-spi\2.31.32\endpoints-spi-2.31.32.jar;C:\Users\amarn\.m2\repository\software\amazon\awssdk\retries-spi\2.31.32\retries-spi-2.31.32.jar;C:\Users\amarn\.m2\repository\software\amazon\awssdk\apache-client\2.31.32\apache-client-2.31.32.jar;C:\Users\amarn\.m2\repository\org\apache\httpcomponents\httpclient\4.5.13\httpclient-4.5.13.jar;C:\Users\amarn\.m2\repository\commons-logging\commons-logging\1.2\commons-logging-1.2.jar;C:\Users\amarn\.m2\repository\org\apache\httpcomponents\httpcore\4.4.16\httpcore-4.4.16.jar;C:\Users\amarn\.m2\repository\commons-codec\commons-codec\1.17.1\commons-codec-1.17.1.jar;C:\Users\amarn\.m2\repository\software\amazon\awssdk\netty-nio-client\2.31.32\netty-nio-client-2.31.32.jar;C:\Users\amarn\.m2\repository\io\netty\netty-codec-http\4.1.118.Final\netty-codec-http-4.1.118.Final.jar;C:\Users\amarn\.m2\repository\io\netty\netty-codec-http2\4.1.118.Final\netty-codec-http2-4.1.118.Final.jar;C:\Users\amarn\.m2\repository\io\netty\netty-codec\4.1.118.Final\netty-codec-4.1.118.Final.jar;C:\Users\amarn\.m2\repository\io\netty\netty-transport\4.1.118.Final\netty-transport-4.1.118.Final.jar;C:\Users\amarn\.m2\repository\io\netty\netty-common\4.1.118.Final\netty-common-4.1.118.Final.jar;C:\Users\amarn\.m2\repository\io\netty\netty-buffer\4.1.118.Final\netty-buffer-4.1.118.Final.jar;C:\Users\amarn\.m2\repository\io\netty\netty-handler\4.1.118.Final\netty-handler-4.1.118.Final.jar;C:\Users\amarn\.m2\repository\io\netty\netty-transport-native-unix-common\4.1.118.Final\netty-transport-native-unix-common-4.1.118.Final.jar;C:\Users\amarn\.m2\repository\io\netty\netty-transport-classes-epoll\4.1.118.Final\netty-transport-classes-epoll-4.1.118.Final.jar;C:\Users\amarn\.m2\repository\io\netty\netty-resolver\4.1.118.Final\netty-resolver-4.1.118.Final.jar;C:\Users\amarn\.m2\repository\software\amazon\awssdk\s3\2.31.21\s3-2.31.21.jar;C:\Users\amarn\.m2\repository\software\amazon\awssdk\aws-xml-protocol\2.31.21\aws-xml-protocol-2.31.21.jar;C:\Users\amarn\.m2\repository\software\amazon\awssdk\arns\2.31.21\arns-2.31.21.jar;C:\Users\amarn\.m2\repository\software\amazon\awssdk\profiles\2.31.21\profiles-2.31.21.jar;C:\Users\amarn\.m2\repository\software\amazon\awssdk\crt-core\2.31.21\crt-core-2.31.21.jar;C:\Users\amarn\.m2\repository\software\amazon\awssdk\checksums\2.31.21\checksums-2.31.21.jar;C:\Users\amarn\.m2\repository\software\amazon\awssdk\checksums-spi\2.31.21\checksums-spi-2.31.21.jar;"/>
    <property name="sun.cpu.endian" value="little"/>
    <property name="user.home" value="C:\Users\amarn"/>
    <property name="user.language" value="en"/>
    <property name="java.specification.vendor" value="Oracle Corporation"/>
    <property name="java.version.date" value="2024-04-16"/>
    <property name="java.home" value="C:\Program Files\Java\jdk-21"/>
    <property name="file.separator" value="\"/>
    <property name="basedir" value="D:\SPRING_BOOT_LEARN\Lambda_learning\Lambda_Learning"/>
    <property name="style.color" value="always"/>
    <property name="java.vm.compressedOopsMode" value="Zero based"/>
    <property name="line.separator" value="&#10;"/>
    <property name="java.vm.specification.vendor" value="Oracle Corporation"/>
    <property name="java.specification.name" value="Java Platform API Specification"/>
    <property name="surefire.real.class.path" value="C:\Users\amarn\AppData\Local\Temp\surefire4407016211122050525\surefirebooter-20250507120322614_3.jar"/>
    <property name="user.script" value=""/>
    <property name="sun.management.compiler" value="HotSpot 64-Bit Tiered Compilers"/>
    <property name="java.runtime.version" value="21.0.3+7-LTS-152"/>
    <property name="user.name" value="amarn"/>
    <property name="stdout.encoding" value="Cp1252"/>
    <property name="path.separator" value=";"/>
    <property name="os.version" value="10.0"/>
    <property name="java.runtime.name" value="Java(TM) SE Runtime Environment"/>
    <property name="file.encoding" value="UTF-8"/>
    <property name="java.vm.name" value="Java HotSpot(TM) 64-Bit Server VM"/>
    <property name="localRepository" value="C:\Users\amarn\.m2\repository"/>
    <property name="java.vendor.url.bug" value="https://bugreport.java.com/bugreport/"/>
    <property name="java.io.tmpdir" value="C:\Users\amarn\AppData\Local\Temp\"/>
    <property name="java.version" value="21.0.3"/>
    <property name="user.dir" value="D:\SPRING_BOOT_LEARN\Lambda_learning\Lambda_Learning"/>
    <property name="os.arch" value="amd64"/>
    <property name="java.vm.specification.name" value="Java Virtual Machine Specification"/>
    <property name="sun.os.patch.level" value=""/>
    <property name="native.encoding" value="Cp1252"/>
    <property name="java.library.path" value="C:\Program Files\Java\jdk-21\bin;C:\Windows\Sun\Java\bin;C:\Windows\system32;C:\Windows;C:/Users/amarn/Downloads/sts-4.23.1.RELEASE//plugins/org.eclipse.justj.openjdk.hotspot.jre.full.win32.x86_64_21.0.3.v20240426-1530/jre/bin/server;C:/Users/amarn/Downloads/sts-4.23.1.RELEASE//plugins/org.eclipse.justj.openjdk.hotspot.jre.full.win32.x86_64_21.0.3.v20240426-1530/jre/bin;C:\Program Files\Common Files\Oracle\Java\javapath;C:\Windows\system32;C:\Windows;C:\Windows\System32\Wbem;C:\Windows\System32\WindowsPowerShell\v1.0\;C:\Windows\System32\OpenSSH\;C:\Program Files\Java\jdk-21\bin;C:\Program Files\nodejs\;C:\Program Files\Git\cmd;;C:\Program Files\Docker\Docker\resources\bin;C:\Program Files\Amazon\AWSCLIV2\;c:\Program Files\PuTTY\;C:\Program Files\Amazon\AWSSAMCLI\bin\;C:\Users\amarn\AppData\Local\Microsoft\WindowsApps;C:\Users\amarn\AppData\Roaming\npm;C:\Users\amarn\AppData\Local\Programs\Microsoft VS Code\bin;D:\apache-maven-3.9.9\bin;;C:\Users\amarn\Downloads\sts-4.23.1.RELEASE;;."/>
    <property name="java.vm.info" value="mixed mode, sharing"/>
    <property name="stderr.encoding" value="Cp1252"/>
    <property name="java.vendor" value="Oracle Corporation"/>
    <property name="java.vm.version" value="21.0.3+7-LTS-152"/>
    <property name="sun.io.unicode.encoding" value="UnicodeLittle"/>
    <property name="java.class.version" value="65.0"/>
  </properties>
  <testcase name="testApp" classname="com.demo.lambda.Lambda_Learning.AppTest" time="0.002"/>
</testsuite>